Coverage Report by instance with details

=================================================================================
=== Instance: /counter_test
=== Design Unit: work.counter_test
=================================================================================
Branch Coverage:
    Enabled Coverage              Bins      Hits    Misses  Coverage
    ----------------              ----      ----    ------  --------
    Branches                         8         6         2    75.00%

================================Branch Details================================

Branch Coverage for instance /counter_test

    Line         Item                      Count     Source 
    ----         ----                      -----     ------ 
  File counter_test.sv
------------------------------------IF Branch------------------------------------
    87                                         1     Count coming in to IF
    87              1                          1     
                                         ***0***     All False Count
Branch totals: 1 hit of 2 branches = 50.00%

------------------------------------IF Branch------------------------------------
    95                                       213     Count coming in to IF
    95              1                    ***0***     
                                             213     All False Count
Branch totals: 1 hit of 2 branches = 50.00%

------------------------------------IF Branch------------------------------------
    131                                      200     Count coming in to IF
    131             1                         96     
    133             1                         51     
    135             1                         20     
    137             1                         33     
Branch totals: 4 hits of 4 branches = 100.00%


Condition Coverage:
    Enabled Coverage              Bins   Covered    Misses  Coverage
    ----------------              ----      ----    ------  --------
    Conditions                       2         0         2     0.00%

================================Condition Details================================

Condition Coverage for instance /counter_test --

  File counter_test.sv
----------------Focused Condition View-------------------
Line       87 Item    1  (x != y)
Condition totals: 0 of 1 input term covered = 0.00%

  Input Term   Covered  Reason for no coverage   Hint
 -----------  --------  -----------------------  --------------
    (x != y)         N  '_0' not hit             Hit '_0'

     Rows:       Hits  FEC Target            Non-masking condition(s)      
 ---------  ---------  --------------------  -------------------------     
  Row   1:    ***0***  (x != y)_0            -                             
  Row   2:          1  (x != y)_1            -                             

----------------Focused Condition View-------------------
Line       95 Item    1  (count !== expects)
Condition totals: 0 of 1 input term covered = 0.00%

           Input Term   Covered  Reason for no coverage   Hint
          -----------  --------  -----------------------  --------------
  (count !== expects)         N  '_1' not hit             Hit '_1'

     Rows:       Hits  FEC Target             Non-masking condition(s)      
 ---------  ---------  --------------------   -------------------------     
  Row   1:          1  (count !== expects)_0  -                             
  Row   2:    ***0***  (count !== expects)_1  -                             



Covergroup Coverage:
    Covergroups                      3        na        na   100.00%
        Coverpoints/Crosses          7        na        na        na
            Covergroup Bins         16        16         0   100.00%
----------------------------------------------------------------------------------------------------------
Covergroup                                             Metric       Goal       Bins    Status               
                                                                                                         
----------------------------------------------------------------------------------------------------------
 TYPE /counter_test/cg_reset                          100.00%        100          -    Covered              
    covered/total bins:                                     5          5          -                      
    missing/total bins:                                     0          5          -                      
    % Hit:                                            100.00%        100          -                      
    Coverpoint cp_reset                               100.00%        100          -    Covered              
        covered/total bins:                                 2          2          -                      
        missing/total bins:                                 0          2          -                      
        % Hit:                                        100.00%        100          -                      
    Coverpoint cp_after_reset                         100.00%        100          -    Covered              
        covered/total bins:                                 1          1          -                      
        missing/total bins:                                 0          1          -                      
        % Hit:                                        100.00%        100          -                      
    Cross reset_x_count                               100.00%        100          -    Covered              
        covered/total bins:                                 2          2          -                      
        missing/total bins:                                 0          2          -                      
        % Hit:                                        100.00%        100          -                      
 Covergroup instance \/counter_test/cv_rst            100.00%        100          -    Covered              
    covered/total bins:                                     5          5          -                      
    missing/total bins:                                     0          5          -                      
    % Hit:                                            100.00%        100          -                      
    Coverpoint cp_reset                               100.00%        100          -    Covered              
        covered/total bins:                                 2          2          -                      
        missing/total bins:                                 0          2          -                      
        % Hit:                                        100.00%        100          -                      
        bin asserted                                       98          1          -    Covered              
        bin released                                      116          1          -    Covered              
    Coverpoint cp_after_reset                         100.00%        100          -    Covered              
        covered/total bins:                                 1          1          -                      
        missing/total bins:                                 0          1          -                      
        % Hit:                                        100.00%        100          -                      
        bin zero                                          123          1          -    Covered              
    Cross reset_x_count                               100.00%        100          -    Covered              
        covered/total bins:                                 2          2          -                      
        missing/total bins:                                 0          2          -                      
        % Hit:                                        100.00%        100          -                      
        Auto, Default and User Defined Bins:
            bin <released,zero>                            25          1          -    Covered              
            bin <asserted,zero>                            98          1          -    Covered              
 TYPE /counter_test/cg_load                           100.00%        100          -    Covered              
    covered/total bins:                                     5          5          -                      
    missing/total bins:                                     0          5          -                      
    % Hit:                                            100.00%        100          -                      
    Coverpoint cp_load                                100.00%        100          -    Covered              
        covered/total bins:                                 2          2          -                      
        missing/total bins:                                 0          2          -                      
        % Hit:                                        100.00%        100          -                      
    Coverpoint cp_value                               100.00%        100          -    Covered              
        covered/total bins:                                 3          3          -                      
        missing/total bins:                                 0          3          -                      
        % Hit:                                        100.00%        100          -                      
 Covergroup instance \/counter_test/cv_ld             100.00%        100          -    Covered              
    covered/total bins:                                     5          5          -                      
    missing/total bins:                                     0          5          -                      
    % Hit:                                            100.00%        100          -                      
    Coverpoint cp_load                                100.00%        100          -    Covered              
        covered/total bins:                                 2          2          -                      
        missing/total bins:                                 0          2          -                      
        % Hit:                                        100.00%        100          -                      
        bin OFF                                           112          1          -    Covered              
        bin ON                                            101          1          -    Covered              
    Coverpoint cp_value                               100.00%        100          -    Covered              
        covered/total bins:                                 3          3          -                      
        missing/total bins:                                 0          3          -                      
        % Hit:                                        100.00%        100          -                      
        bin low                                            29          1          -    Covered              
        bin mid                                            85          1          -    Covered              
        bin high                                           89          1          -    Covered              
 TYPE /counter_test/cg_enable                         100.00%        100          -    Covered              
    covered/total bins:                                     6          6          -                      
    missing/total bins:                                     0          6          -                      
    % Hit:                                            100.00%        100          -                      
    Coverpoint cp_enable                              100.00%        100          -    Covered              
        covered/total bins:                                 2          2          -                      
        missing/total bins:                                 0          2          -                      
        % Hit:                                        100.00%        100          -                      
    Coverpoint cp_count                               100.00%        100          -    Covered              
        covered/total bins:                                 4          4          -                      
        missing/total bins:                                 0          4          -                      
        % Hit:                                        100.00%        100          -                      
 Covergroup instance \/counter_test/cv_en             100.00%        100          -    Covered              
    covered/total bins:                                     6          6          -                      
    missing/total bins:                                     0          6          -                      
    % Hit:                                            100.00%        100          -                      
    Coverpoint cp_enable                              100.00%        100          -    Covered              
        covered/total bins:                                 2          2          -                      
        missing/total bins:                                 0          2          -                      
        % Hit:                                        100.00%        100          -                      
        bin OFF                                           108          1          -    Covered              
        bin ON                                            105          1          -    Covered              
    Coverpoint cp_count                               100.00%        100          -    Covered              
        covered/total bins:                                 4          4          -                      
        missing/total bins:                                 0          4          -                      
        % Hit:                                        100.00%        100          -                      
        bin zero                                          123          1          -    Covered              
        bin mid                                            60          1          -    Covered              
        bin high                                           29          1          -    Covered              
        bin max                                             2          1          -    Covered              
Statement Coverage:
    Enabled Coverage              Bins      Hits    Misses  Coverage
    ----------------              ----      ----    ------  --------
    Statements                      75        72         3    96.00%

================================Statement Details================================

Statement Coverage for instance /counter_test --

    Line         Item                      Count     Source 
    ----         ----                      -----     ------ 
  File counter_test.sv
    20              1                        430     
    20              2                        429     
    75              1                          1     
    76              1                          1     
    77              1                          1     
    84              1                          1     
    85              1                          1     
    96              1                    ***0***     
    97              1                    ***0***     
    98              1                    ***0***     
    113             1                          1     
    116             1                          1     
    116             2                          1     
    116             3                          1     
    116             4                          1     
    117             1                          1     
    118             1                          1     
    120             1                          1     
    120             2                        200     
    125             1                        200     
    126             1                        200     
    127             1                        200     
    128             1                        200     
    132             1                         96     
    134             1                         51     
    136             1                         20     
    138             1                         33     
    141             1                        200     
    142             1                        200     
    145             1                          1     
    154             1                          1     
    157             1                          1     
    160             1                          1     
    160             2                          1     
    160             3                          1     
    162             1                          1     
    162             2                          1     
    162             3                          1     
    163             1                          1     
    163             2                          1     
    163             3                          1     
    164             1                          1     
    164             2                          1     
    164             3                          1     
    165             1                          1     
    165             2                          1     
    165             3                          1     
    167             1                          1     
    167             2                          1     
    167             3                          1     
    168             1                          1     
    168             2                          1     
    168             3                          1     
    170             1                          1     
    170             2                          1     
    170             3                          1     
    171             1                          1     
    171             2                          1     
    171             3                          1     
    173             1                          1     
    173             2                          1     
    173             3                          1     
    174             1                          1     
    174             2                          1     
    174             3                          1     
    176             1                          1     
    176             2                          1     
    176             3                          1     
    177             1                          1     
    177             2                          1     
    177             3                          1     
    179             1                          1     
    183             1                          1     
    185             1                          1     
    186             1                          1     
Toggle Coverage:
    Enabled Coverage              Bins      Hits    Misses  Coverage
    ----------------              ----      ----    ------  --------
    Toggles                         28        28         0   100.00%

================================Toggle Details================================

Toggle Coverage for instance /counter_test --

                                              Node      1H->0L      0L->1H  "Coverage"
                                              ---------------------------------------

Total Node Count     =         14 
Toggled Node Count   =         14 
Untoggled Node Count =          0 

Toggle Coverage      =     100.00% (28 of 28 bins)

COVERGROUP COVERAGE:
----------------------------------------------------------------------------------------------------------
Covergroup                                             Metric       Goal       Bins    Status               
                                                                                                         
----------------------------------------------------------------------------------------------------------
 TYPE /counter_test/cg_reset                          100.00%        100          -    Covered              
    covered/total bins:                                     5          5          -                      
    missing/total bins:                                     0          5          -                      
    % Hit:                                            100.00%        100          -                      
    Coverpoint cp_reset                               100.00%        100          -    Covered              
        covered/total bins:                                 2          2          -                      
        missing/total bins:                                 0          2          -                      
        % Hit:                                        100.00%        100          -                      
    Coverpoint cp_after_reset                         100.00%        100          -    Covered              
        covered/total bins:                                 1          1          -                      
        missing/total bins:                                 0          1          -                      
        % Hit:                                        100.00%        100          -                      
    Cross reset_x_count                               100.00%        100          -    Covered              
        covered/total bins:                                 2          2          -                      
        missing/total bins:                                 0          2          -                      
        % Hit:                                        100.00%        100          -                      
 Covergroup instance \/counter_test/cv_rst            100.00%        100          -    Covered              
    covered/total bins:                                     5          5          -                      
    missing/total bins:                                     0          5          -                      
    % Hit:                                            100.00%        100          -                      
    Coverpoint cp_reset                               100.00%        100          -    Covered              
        covered/total bins:                                 2          2          -                      
        missing/total bins:                                 0          2          -                      
        % Hit:                                        100.00%        100          -                      
        bin asserted                                       98          1          -    Covered              
        bin released                                      116          1          -    Covered              
    Coverpoint cp_after_reset                         100.00%        100          -    Covered              
        covered/total bins:                                 1          1          -                      
        missing/total bins:                                 0          1          -                      
        % Hit:                                        100.00%        100          -                      
        bin zero                                          123          1          -    Covered              
    Cross reset_x_count                               100.00%        100          -    Covered              
        covered/total bins:                                 2          2          -                      
        missing/total bins:                                 0          2          -                      
        % Hit:                                        100.00%        100          -                      
        Auto, Default and User Defined Bins:
            bin <released,zero>                            25          1          -    Covered              
            bin <asserted,zero>                            98          1          -    Covered              
 TYPE /counter_test/cg_load                           100.00%        100          -    Covered              
    covered/total bins:                                     5          5          -                      
    missing/total bins:                                     0          5          -                      
    % Hit:                                            100.00%        100          -                      
    Coverpoint cp_load                                100.00%        100          -    Covered              
        covered/total bins:                                 2          2          -                      
        missing/total bins:                                 0          2          -                      
        % Hit:                                        100.00%        100          -                      
    Coverpoint cp_value                               100.00%        100          -    Covered              
        covered/total bins:                                 3          3          -                      
        missing/total bins:                                 0          3          -                      
        % Hit:                                        100.00%        100          -                      
 Covergroup instance \/counter_test/cv_ld             100.00%        100          -    Covered              
    covered/total bins:                                     5          5          -                      
    missing/total bins:                                     0          5          -                      
    % Hit:                                            100.00%        100          -                      
    Coverpoint cp_load                                100.00%        100          -    Covered              
        covered/total bins:                                 2          2          -                      
        missing/total bins:                                 0          2          -                      
        % Hit:                                        100.00%        100          -                      
        bin OFF                                           112          1          -    Covered              
        bin ON                                            101          1          -    Covered              
    Coverpoint cp_value                               100.00%        100          -    Covered              
        covered/total bins:                                 3          3          -                      
        missing/total bins:                                 0          3          -                      
        % Hit:                                        100.00%        100          -                      
        bin low                                            29          1          -    Covered              
        bin mid                                            85          1          -    Covered              
        bin high                                           89          1          -    Covered              
 TYPE /counter_test/cg_enable                         100.00%        100          -    Covered              
    covered/total bins:                                     6          6          -                      
    missing/total bins:                                     0          6          -                      
    % Hit:                                            100.00%        100          -                      
    Coverpoint cp_enable                              100.00%        100          -    Covered              
        covered/total bins:                                 2          2          -                      
        missing/total bins:                                 0          2          -                      
        % Hit:                                        100.00%        100          -                      
    Coverpoint cp_count                               100.00%        100          -    Covered              
        covered/total bins:                                 4          4          -                      
        missing/total bins:                                 0          4          -                      
        % Hit:                                        100.00%        100          -                      
 Covergroup instance \/counter_test/cv_en             100.00%        100          -    Covered              
    covered/total bins:                                     6          6          -                      
    missing/total bins:                                     0          6          -                      
    % Hit:                                            100.00%        100          -                      
    Coverpoint cp_enable                              100.00%        100          -    Covered              
        covered/total bins:                                 2          2          -                      
        missing/total bins:                                 0          2          -                      
        % Hit:                                        100.00%        100          -                      
        bin OFF                                           108          1          -    Covered              
        bin ON                                            105          1          -    Covered              
    Coverpoint cp_count                               100.00%        100          -    Covered              
        covered/total bins:                                 4          4          -                      
        missing/total bins:                                 0          4          -                      
        % Hit:                                        100.00%        100          -                      
        bin zero                                          123          1          -    Covered              
        bin mid                                            60          1          -    Covered              
        bin high                                           29          1          -    Covered              
        bin max                                             2          1          -    Covered              

TOTAL COVERGROUP COVERAGE: 100.00%  COVERGROUP TYPES: 3

Total Coverage By Instance (filtered view): 74.20%

